<?xml version="1.0" encoding="UTF-8"?>
<testng-results ignored="0" total="1" passed="1" failed="0" skipped="0">
  <reporter-output>
  </reporter-output>
  <suite started-at="2022-10-26T11:42:26 IST" name="Default suite" finished-at="2022-10-26T11:42:57 IST" duration-ms="31177">
    <groups>
    </groups>
    <test started-at="2022-10-26T11:42:26 IST" name="Default test" finished-at="2022-10-26T11:42:57 IST" duration-ms="31177">
      <class name="Guru99TakeScreenshot">
        <test-method signature="testGuru99TakeScreenShot()[pri:0, instance:Guru99TakeScreenshot@2cdd0d4b]" started-at="2022-10-26T11:42:26 IST" name="testGuru99TakeScreenShot" finished-at="2022-10-26T11:42:57 IST" duration-ms="30977" status="PASS">
          <reporter-output>
          </reporter-output>
        </test-method> <!-- testGuru99TakeScreenShot -->
      </class> <!-- Guru99TakeScreenshot -->
    </test> <!-- Default test -->
  </suite> <!-- Default suite -->
</testng-results>
